<?xml version="1.0" encoding="UTF-8"?>
<testsuite xmlns:xsi="http://www.w3.org/2001/XMLSchema-instance" xsi:noNamespaceSchemaLocation="https://maven.apache.org/surefire/maven-surefire-plugin/xsd/surefire-test-report-3.0.xsd" version="3.0" name="com.mathutils.ModularArithmeticTest" time="0.014" tests="4" errors="0" skipped="0" failures="0">
  <properties>
[...]
</properties>
  <testcase name="modInverseShouldComputeMultiplicativeInverse" classname="com.mathutils.ModularArithmeticTest" time="0.003"/>
  <testcase name="modPowShouldValidateInputs" classname="com.mathutils.ModularArithmeticTest" time="0.002"/>
  <testcase name="modPowShouldComputeFastExponentiation" classname="com.mathutils.ModularArithmeticTest" time="0.002"/>
  <testcase name="modInverseShouldFailWhenNoInverseExists" classname="com.mathutils.ModularArithmeticTest" time="0.002"/>
</testsuite>